2016/03/28 18:54:07 [ZSXM-SCGO] INFO HTTP PROT :8080
2016/03/28 18:54:12 [common] INFO &{gh_4c5d3e510995 oBQiqwVbc9fPuGxvvzGeuGLk1vK4 1459162449 text aa 6267054998414278080   }
2016/03/28 18:54:12 [common] INFO <xml>
 <ToUserName><![CDATA[gh_4c5d3e510995]]></ToUserName>
 <TFromUserName><![CDATA[oBQiqwVbc9fPuGxvvzGeuGLk1vK4]]></TFromUserName>
 <TCreateTime>1459162452</TCreateTime>
 <TMsgType><![CDATA[text]]></TMsgType>
 <Content><![CDATA[回复内容]]></Content>
</xml>
2016/03/28 18:54:12 [common] INFO 262 <nil>
2016/03/28 18:55:01 [ZSXM-SCGO] INFO HTTP PROT :8080
2016/03/28 18:55:02 [common] INFO &{gh_4c5d3e510995 oBQiqwVbc9fPuGxvvzGeuGLk1vK4 1459162501 text fffff 6267055221752577504   }
2016/03/28 18:55:02 [common] INFO <xml>
 <ToUserName><![CDATA[gh_4c5d3e510995]]></ToUserName>
 <TFromUserName><![CDATA[snxamdf]]></TFromUserName>
 <TCreateTime>1459162502</TCreateTime>
 <TMsgType><![CDATA[text]]></TMsgType>
 <Content><![CDATA[回复内容]]></Content>
</xml>
2016/03/28 18:55:02 [common] INFO 241 <nil>
2016/03/28 18:56:14 [ZSXM-SCGO] INFO HTTP PROT :8080
2016/03/28 18:56:15 [common] INFO &{gh_4c5d3e510995 oBQiqwVbc9fPuGxvvzGeuGLk1vK4 1459162573 text aaa 6267055530990222848   }
2016/03/28 18:56:15 [common] INFO <xml>
 <ToUserName><![CDATA[gh_4c5d3e510995]]></ToUserName>
 <TFromUserName><![CDATA[oBQiqwVbc9fPuGxvvzGeuGLk1vK4]]></TFromUserName>
 <TCreateTime>1459162575</TCreateTime>
 <TMsgType><![CDATA[text]]></TMsgType>
 <Content><![CDATA[回复内容]]></Content>
</xml>
2016/03/28 18:56:15 [common] INFO 262 <nil>
2016/03/28 18:57:01 [ZSXM-SCGO] INFO HTTP PROT :8080
2016/03/28 18:57:02 [common] INFO &{gh_4c5d3e510995 oBQiqwVbc9fPuGxvvzGeuGLk1vK4 1459162621 text aaaa 6267055737148653090   }
2016/03/28 18:57:02 [common] INFO <xml>
 <ToUserName><![CDATA[gh_4c5d3e510995]]></ToUserName>
 <FromUserName><![CDATA[oBQiqwVbc9fPuGxvvzGeuGLk1vK4]]></FromUserName>
 <CreateTime>1459162622</CreateTime>
 <MsgType><![CDATA[text]]></MsgType>
 <Content><![CDATA[回复内容]]></Content>
</xml>
2016/03/28 18:57:02 [common] INFO 256 <nil>
2016/03/28 18:57:44 [common] INFO &{gh_4c5d3e510995 oBQiqwVbc9fPuGxvvzGeuGLk1vK4 1459162663 text ddddddddddddd 6267055917537279535   }
2016/03/28 18:57:44 [common] INFO <xml>
 <ToUserName><![CDATA[gh_4c5d3e510995]]></ToUserName>
 <FromUserName><![CDATA[oBQiqwVbc9fPuGxvvzGeuGLk1vK4]]></FromUserName>
 <CreateTime>1459162664</CreateTime>
 <MsgType><![CDATA[text]]></MsgType>
 <Content><![CDATA[回复内容]]></Content>
</xml>
2016/03/28 18:57:44 [common] INFO 256 <nil>
2016/03/28 18:59:51 [ZSXM-SCGO] INFO HTTP PROT :8080
2016/03/28 18:59:58 [common] INFO &{gh_4c5d3e510995 oBQiqwVbc9fPuGxvvzGeuGLk1vK4 1459162795 text aa 6267056484472962692   }
2016/03/28 18:59:58 [common] INFO <xml>
 <ToUserName><![CDATA[gh_4c5d3e510995]]></ToUserName>
 <FromUserName><![CDATA[oBQiqwVbc9fPuGxvvzGeuGLk1vK4]]></FromUserName>
 <CreateTime>1459162798</CreateTime>
 <MsgType><![CDATA[text]]></MsgType>
 <Content><![CDATA[回复内容]]></Content>
</xml>
2016/03/28 18:59:58 [common] INFO 256 <nil>
2016/03/28 19:01:22 [common] INFO &{gh_4c5d3e510995 oBQiqwVbc9fPuGxvvzGeuGLk1vK4 1459162879 text fff 6267056845250215599   }
2016/03/28 19:01:22 [common] INFO <xml>
 <ToUserName><![CDATA[gh_4c5d3e510995]]></ToUserName>
 <FromUserName><![CDATA[oBQiqwVbc9fPuGxvvzGeuGLk1vK4]]></FromUserName>
 <CreateTime>1459162882</CreateTime>
 <MsgType><![CDATA[text]]></MsgType>
 <Content><![CDATA[回复内容]]></Content>
</xml>
2016/03/28 19:01:22 [common] INFO 256 <nil>
2016/03/28 19:01:25 [common] INFO &{gh_4c5d3e510995 oBQiqwVbc9fPuGxvvzGeuGLk1vK4 1459162884 text aaa 6267056866725052085   }
2016/03/28 19:01:25 [common] INFO <xml>
 <ToUserName><![CDATA[gh_4c5d3e510995]]></ToUserName>
 <FromUserName><![CDATA[oBQiqwVbc9fPuGxvvzGeuGLk1vK4]]></FromUserName>
 <CreateTime>1459162885</CreateTime>
 <MsgType><![CDATA[text]]></MsgType>
 <Content><![CDATA[回复内容]]></Content>
</xml>
2016/03/28 19:01:25 [common] INFO 256 <nil>
2016/03/28 19:02:47 [ZSXM-SCGO] INFO HTTP PROT :8080
2016/03/28 19:02:49 [common] INFO &{gh_4c5d3e510995 oBQiqwVbc9fPuGxvvzGeuGLk1vK4 1459162967 text fff 6267057223207337704   }
2016/03/28 19:02:49 [common] INFO <xml><ToUserName><![CDATA[gh_4c5d3e510995]]></ToUserName><FromUserName><![CDATA[oBQiqwVbc9fPuGxvvzGeuGLk1vK4]]></FromUserName><CreateTime>1459162969</CreateTime><MsgType><![CDATA[text]]></MsgType><Content><![CDATA[回复内容]]></Content></xml>
2016/03/28 19:02:49 [common] INFO 245 <nil>
2016/03/28 19:05:59 [ZSXM-SCGO] INFO HTTP PROT :8080
2016/03/28 19:06:05 [common] INFO &{gh_4c5d3e510995 oBQiqwVbc9fPuGxvvzGeuGLk1vK4 1459163163 text s 6267058065020927872   }
2016/03/28 19:06:05 [common] INFO <xml><ToUserName><![CDATA[gh_4c5d3e510995]]></ToUserName><FromUserName><![CDATA[oBQiqwVbc9fPuGxvvzGeuGLk1vK4]]></FromUserName><CreateTime>1459163165</CreateTime><MsgType><![CDATA[text]]></MsgType><Content><![CDATA[回复内容]]></Content></xml>
2016/03/28 19:06:05 [common] INFO 245 <nil>
2016/03/28 19:07:19 [ZSXM-SCGO] INFO HTTP PROT :8080
2016/03/28 19:07:20 [common] INFO &{gh_4c5d3e510995 oBQiqwVbc9fPuGxvvzGeuGLk1vK4 1459163239 text dddd 6267058391438442427   }
2016/03/28 19:07:20 [common] INFO <xml>
 <ToUserName><![CDATA[gh_4c5d3e510995]]></ToUserName>
 <FromUserName><![CDATA[oBQiqwVbc9fPuGxvvzGeuGLk1vK4]]></FromUserName>
 <CreateTime>1459163240</CreateTime>
 <MsgType><![CDATA[text]]></MsgType>
 <Content><![CDATA[回复内容]]></Content>
</xml>
2016/03/28 19:07:20 [common] INFO 256 <nil>
2016/03/28 19:07:51 [ZSXM-SCGO] INFO HTTP PROT :8080
2016/03/28 19:08:00 [common] INFO &{gh_4c5d3e510995 oBQiqwVbc9fPuGxvvzGeuGLk1vK4 1459163279 text dfsdf 6267058563237134315   }
2016/03/28 19:08:00 [common] INFO <xml>
 <ToUserName><![CDATA[gh_4c5d3e510995]]></ToUserName>
 <FromUserName><![CDATA[oBQiqwVbc9fPuGxvvzGeuGLk1vK4]]></FromUserName>
 <CreateTime>1459163280</CreateTime>
 <MsgType><![CDATA[text]]></MsgType>
 <Content><![CDATA[回复内容]]></Content>
</xml>
2016/03/28 19:08:14 [ZSXM-SCGO] INFO HTTP PROT :8080
2016/03/28 19:08:23 [ZSXM-SCGO] INFO HTTP PROT :8080
2016/03/28 19:08:29 [common] INFO &{gh_4c5d3e510995 oBQiqwVbc9fPuGxvvzGeuGLk1vK4 1459163307 text aa 6267058683496218620   }
2016/03/28 19:08:55 [ZSXM-SCGO] INFO HTTP PROT :8080
2016/03/29 05:59:00 [common] INFO csignature false
2016/03/29 05:59:00 [common] INFO csignature false
